JvmtiExport can_access_local_variables 0
JvmtiExport can_hotswap_or_post_breakpoint 0
JvmtiExport can_post_on_exceptions 0
# 199 ciObject found
instanceKlass sun/awt/AppContext$PostShutdownEventRunnable
instanceKlass java/util/IdentityHashMap$IdentityHashMapIterator
instanceKlass sun/awt/windows/WDesktopPeer
instanceKlass java/awt/peer/DesktopPeer
instanceKlass sun/awt/PostEventQueue
instanceKlass sun/awt/MostRecentKeyValue
instanceKlass java/awt/Queue
instanceKlass java/awt/EventQueue$2
instanceKlass sun/awt/AWTAccessor$EventQueueAccessor
instanceKlass java/awt/EventQueue$1
instanceKlass java/awt/EventQueue
instanceKlass sun/awt/AppContext$1
instanceKlass sun/awt/AppContext$2
instanceKlass sun/awt/AppContext$3
instanceKlass sun/awt/AppContext$6
instanceKlass sun/misc/JavaAWTAccess
instanceKlass sun/awt/AppContext$GetAppContextLock
instanceKlass sun/awt/AppContext
instanceKlass sun/awt/windows/WToolkit$$Lambda$432
instanceKlass sun/awt/windows/WToolkit$$Lambda$431
instanceKlass sun/awt/windows/WToolkit$$Lambda$430
instanceKlass sun/awt/windows/WToolkit$$Lambda$429
instanceKlass sun/awt/AWTAutoShutdown
instanceKlass sun/misc/ThreadGroupUtils
instanceKlass sun/java2d/Disposer$$Lambda$428
instanceKlass sun/java2d/Disposer$1
instanceKlass sun/java2d/Disposer
instanceKlass sun/awt/windows/WToolkit$ToolkitDisposer
instanceKlass sun/java2d/DisposerRecord
instanceKlass sun/misc/PerformanceLogger$TimeData
instanceKlass sun/misc/PerformanceLogger
instanceKlass sun/awt/SunToolkit$ModalityListenerList
instanceKlass sun/awt/ModalityListener
instanceKlass java/beans/PropertyChangeListener
instanceKlass java/beans/ChangeListenerMap
instanceKlass java/beans/PropertyChangeSupport
instanceKlass sun/awt/windows/WToolkit$2
instanceKlass java/awt/Component$DummyRequestFocusController
instanceKlass sun/awt/RequestFocusController
instanceKlass java/awt/Component$1
instanceKlass sun/awt/AWTAccessor$ComponentAccessor
instanceKlass sun/font/AttributeValues
instanceKlass java/awt/geom/AffineTransform
instanceKlass sun/font/FontAccess
instanceKlass java/awt/Font
instanceKlass sun/awt/windows/WObjectPeer
instanceKlass java/awt/dnd/peer/DropTargetPeer
instanceKlass java/awt/peer/ComponentPeer
instanceKlass java/awt/event/InputEvent$1
instanceKlass sun/awt/AWTAccessor$InputEventAccessor
instanceKlass java/awt/event/NativeLibLoader$1
instanceKlass java/awt/event/NativeLibLoader
instanceKlass java/awt/AWTEvent$1
instanceKlass sun/awt/AWTAccessor$AWTEventAccessor
instanceKlass java/awt/Component$AWTTreeLock
instanceKlass java/awt/Component
instanceKlass java/awt/MenuContainer
instanceKlass java/awt/image/ImageObserver
instanceKlass sun/awt/DisplayChangedListener
instanceKlass sun/awt/image/SurfaceManager
instanceKlass sun/awt/image/SurfaceManager$ImageAccessor
instanceKlass java/awt/ImageCapabilities
instanceKlass java/awt/Image
instanceKlass sun/java2d/DestSurfaceProvider
instanceKlass sun/java2d/loops/RenderCache$Entry
instanceKlass sun/java2d/loops/RenderCache
instanceKlass sun/java2d/pipe/DrawImage
instanceKlass sun/java2d/pipe/GeneralCompositePipe
instanceKlass sun/java2d/pipe/SpanShapeRenderer
instanceKlass sun/java2d/pipe/AlphaPaintPipe
instanceKlass sun/java2d/pipe/AAShapePipe
instanceKlass sun/java2d/pipe/RegionIterator
instanceKlass sun/java2d/pipe/Region
instanceKlass sun/java2d/pipe/SpanClipRenderer
instanceKlass sun/java2d/pipe/PixelToShapeConverter
instanceKlass sun/java2d/pipe/AlphaColorPipe
instanceKlass sun/java2d/pipe/CompositePipe
instanceKlass sun/java2d/pipe/GlyphListPipe
instanceKlass sun/java2d/pipe/OutlineTextRenderer
instanceKlass sun/java2d/pipe/RenderingEngine$1
instanceKlass sun/java2d/pipe/RenderingEngine
instanceKlass sun/java2d/pipe/LoopPipe
instanceKlass sun/java2d/pipe/LoopBasedPipe
instanceKlass sun/java2d/pipe/ParallelogramPipe
instanceKlass sun/java2d/pipe/NullPipe
instanceKlass sun/java2d/pipe/DrawImagePipe
instanceKlass sun/java2d/pipe/TextPipe
instanceKlass sun/java2d/pipe/ShapeDrawPipe
instanceKlass sun/java2d/pipe/PixelFillPipe
instanceKlass sun/java2d/pipe/PixelDrawPipe
instanceKlass sun/java2d/StateTrackableDelegate$2
instanceKlass sun/java2d/StateTrackableDelegate
instanceKlass java/awt/color/ICC_Profile$1
instanceKlass sun/java2d/cmm/ProfileActivator
instanceKlass sun/java2d/cmm/ProfileDeferralMgr
instanceKlass java/awt/color/ICC_Profile
instanceKlass java/awt/color/ColorSpace
instanceKlass java/awt/image/ColorModel$1
instanceKlass java/awt/image/ColorModel
instanceKlass sun/awt/image/PixelConverter
instanceKlass sun/java2d/loops/SurfaceType
instanceKlass sun/java2d/SurfaceData
instanceKlass sun/java2d/Surface
instanceKlass sun/java2d/StateTrackable
instanceKlass sun/java2d/DisposerTarget
instanceKlass java/awt/Transparency
instanceKlass sun/awt/windows/WToolkit$1
instanceKlass sun/awt/KeyboardFocusManagerPeerProvider
instanceKlass sun/awt/InputMethodSupport
instanceKlass sun/awt/ComponentFactory
instanceKlass sun/awt/WindowClosingListener
instanceKlass sun/awt/WindowClosingSupport
instanceKlass java/awt/Toolkit$2
instanceKlass java/awt/Insets
instanceKlass java/awt/Toolkit$1
instanceKlass java/awt/Toolkit$3
instanceKlass java/awt/Toolkit$5
instanceKlass sun/awt/AWTAccessor
instanceKlass java/awt/Toolkit$4
instanceKlass sun/awt/AWTAccessor$ToolkitAccessor
instanceKlass java/awt/Toolkit
instanceKlass java/awt/GraphicsEnvironment$$Lambda$427
instanceKlass java/awt/GraphicsEnvironment
instanceKlass java/awt/Desktop
instanceKlass com/itextpdf/kernel/log/CounterManager
instanceKlass java/util/zip/Deflater
instanceKlass sun/security/provider/ByteArrayAccess
instanceKlass sun/nio/cs/Surrogate
instanceKlass sun/nio/cs/Surrogate$Parser
instanceKlass com/itextpdf/io/util/SystemUtil
instanceKlass com/itextpdf/kernel/crypto/securityhandler/SecurityHandler
instanceKlass com/itextpdf/layout/renderer/AbstractRenderer$1
instanceKlass com/itextpdf/layout/renderer/BlockRenderer$1
instanceKlass com/itextpdf/layout/renderer/ParagraphRenderer$1
instanceKlass com/itextpdf/io/util/StreamUtil
instanceKlass com/itextpdf/io/font/otf/GlyphLine$GlyphLinePart
instanceKlass com/itextpdf/io/font/otf/ActualTextIterator
instanceKlass com/itextpdf/layout/renderer/TextRenderer$1
instanceKlass com/itextpdf/kernel/geom/Matrix
instanceKlass com/itextpdf/kernel/pdf/canvas/CanvasGraphicsState
instanceKlass com/itextpdf/kernel/pdf/PdfResources$ResourceNameGenerator
instanceKlass com/itextpdf/kernel/pdf/layer/IPdfOCG
instanceKlass com/itextpdf/kernel/pdf/canvas/PdfCanvas
instanceKlass com/itextpdf/layout/renderer/DrawContext
instanceKlass com/itextpdf/layout/renderer/TableRenderer$CellRendererInfo
instanceKlass com/itextpdf/layout/splitting/DefaultSplitCharacters
instanceKlass com/itextpdf/layout/renderer/TypographyUtils
instanceKlass com/itextpdf/io/font/otf/GlyphLine
instanceKlass com/itextpdf/io/util/ArrayUtil
instanceKlass com/itextpdf/io/font/FontEncoding
instanceKlass com/itextpdf/io/util/TextUtil
instanceKlass com/itextpdf/io/font/otf/Glyph
instanceKlass com/itextpdf/io/font/PdfEncodings$Cp437Conversion
instanceKlass com/itextpdf/io/font/PdfEncodings$SymbolTTConversion
instanceKlass com/itextpdf/io/font/PdfEncodings$SymbolConversion
instanceKlass com/itextpdf/io/font/PdfEncodings$WingdingsConversion
instanceKlass com/itextpdf/io/font/IExtraEncoding
instanceKlass com/itextpdf/io/font/PdfEncodings
instanceKlass com/itextpdf/io/font/AdobeGlyphList
instanceKlass com/itextpdf/io/font/constants/FontWeights
instanceKlass com/itextpdf/io/source/ArrayRandomAccessSource
instanceKlass com/itextpdf/io/source/RandomAccessFileOrArray
instanceKlass com/itextpdf/io/source/IRandomAccessSource
instanceKlass com/itextpdf/io/source/RandomAccessSourceFactory
instanceKlass com/itextpdf/io/font/Type1Parser
instanceKlass com/itextpdf/io/font/FontNames
instanceKlass com/itextpdf/io/font/FontIdentification
instanceKlass com/itextpdf/io/font/FontMetrics
instanceKlass com/itextpdf/io/util/IntHashtable$Entry
instanceKlass com/itextpdf/io/util/IntHashtable
instanceKlass com/itextpdf/io/util/ResourceUtil
instanceKlass com/itextpdf/io/font/cmap/ICMapLocation
instanceKlass com/itextpdf/io/font/cmap/AbstractCMap
instanceKlass com/itextpdf/io/font/FontCache
instanceKlass com/itextpdf/io/font/FontCacheKey
instanceKlass com/itextpdf/io/font/constants/StandardFonts
instanceKlass com/itextpdf/io/font/FontRegisterProvider
instanceKlass com/itextpdf/io/font/FontProgram
instanceKlass com/itextpdf/io/font/FontProgramFactory
instanceKlass com/itextpdf/kernel/font/PdfFontFactory
instanceKlass com/itextpdf/layout/renderer/BlockFormattingContextUtil
instanceKlass com/itextpdf/layout/property/Leading
instanceKlass com/itextpdf/layout/minmaxwidth/MinMaxWidthUtils
instanceKlass com/itextpdf/layout/minmaxwidth/MinMaxWidth
instanceKlass com/itextpdf/layout/renderer/TableWidths$CellInfo
instanceKlass com/itextpdf/layout/renderer/TableWidths$ColumnWidthData
instanceKlass com/itextpdf/layout/renderer/TableWidths
instanceKlass com/itextpdf/layout/renderer/TableBorderUtil
instanceKlass com/itextpdf/layout/property/Property
instanceKlass com/itextpdf/layout/renderer/FloatingHelper
instanceKlass com/itextpdf/io/util/NumberUtil
instanceKlass com/itextpdf/layout/layout/LayoutArea
instanceKlass com/itextpdf/io/font/otf/GlyphLine$IGlyphLineFilter
instanceKlass com/itextpdf/layout/renderer/ILeafElementRenderer
instanceKlass com/itextpdf/layout/renderer/AbstractWidthHandler
instanceKlass com/itextpdf/layout/layout/LayoutResult
instanceKlass com/itextpdf/layout/layout/LayoutContext
instanceKlass com/itextpdf/layout/element/Table$RowRange
instanceKlass com/itextpdf/layout/renderer/TableBorders
instanceKlass com/itextpdf/kernel/pdf/canvas/CanvasTag
instanceKlass model/laporan$$Lambda$426
instanceKlass com/itextpdf/layout/element/ILeafElement
instanceKlass com/itextpdf/layout/property/TransparentColor
instanceKlass com/itextpdf/kernel/colors/Color
instanceKlass com/itextpdf/kernel/colors/ColorConstants
instanceKlass com/itextpdf/layout/borders/Border
instanceKlass com/itextpdf/layout/property/UnitValue
instanceKlass com/itextpdf/kernel/pdf/tagutils/AccessibilityProperties
instanceKlass com/itextpdf/layout/tagging/IAccessibleElement
instanceKlass com/itextpdf/layout/element/ILargeElement
